<?xml version="1.0" encoding="UTF-8" ?>
<testsuite tests="4" failures="0" name="ut.CalculatorTest" time="0.003" errors="0" skipped="0">
  <properties>
    <property name="jansi.mode" value="strip"/>
    <property name="java.runtime.name" value="Java(TM) SE Runtime Environment"/>
    <property name="java.vm.version" value="11.0.16+11-LTS-199"/>
    <property name="sun.boot.library.path" value="C:\Program Files\Java\jdk-11.0.16\bin"/>
    <property name="maven.multiModuleProjectDirectory" value="C:\Users\mende\git\New_Project"/>
    <property name="java.vm.vendor" value="Oracle Corporation"/>
    <property name="java.vendor.url" value="https://openjdk.java.net/"/>
    <property name="guice.disable.misplaced.annotation.check" value="true"/>
    <property name="path.separator" value=";"/>
    <property name="java.vm.name" value="Java HotSpot(TM) 64-Bit Server VM"/>
    <property name="sun.os.patch.level" value=""/>
    <property name="user.script" value=""/>
    <property name="user.country" value="IN"/>
    <property name="sun.java.launcher" value="SUN_STANDARD"/>
    <property name="java.vm.specification.name" value="Java Virtual Machine Specification"/>
    <property name="user.dir" value="C:\Users\mende\git\New_Project"/>
    <property name="java.vm.compressedOopsMode" value="32-bit"/>
    <property name="java.runtime.version" value="11.0.16+11-LTS-199"/>
    <property name="java.awt.graphicsenv" value="sun.awt.Win32GraphicsEnvironment"/>
    <property name="os.arch" value="amd64"/>
    <property name="java.io.tmpdir" value="C:\Users\mende\AppData\Local\Temp\"/>
    <property name="line.separator" value="
"/>
    <property name="java.vm.specification.vendor" value="Oracle Corporation"/>
    <property name="user.variant" value=""/>
    <property name="os.name" value="Windows 11"/>
    <property name="classworlds.conf" value="C:\Users\mende\eclipse-workspace\.metadata\.plugins\org.eclipse.m2e.launching\launches\m2conf9391195953809380800.tmp"/>
    <property name="sun.jnu.encoding" value="Cp1252"/>
    <property name="java.library.path" value="C:\Program Files\Java\jdk-11.0.16\bin;C:\WINDOWS\Sun\Java\bin;C:\WINDOWS\system32;C:\WINDOWS;C:\Program Files\Common Files\Oracle\Java\javapath;C:\Program Files (x86)\Common Files\Oracle\Java\javapath;C:\Program Files\Java\jdk-17.0.2\bin;C:\Windows\System32\;C:\Program Files\OpenSSL-Win64\bin;C:\Users\mende\AppData\Local\Programs\Python\Python310;C:\Program Files\Git\cmd;C:\Program Files\Java\jre1.8.0_341\bin;C:\Users\mende\anaconda3;C:\Users\mende\anaconda3\Library\mingw-w64\bin;C:\Users\mende\anaconda3\Library\usr\bin;C:\Users\mende\anaconda3\Library\bin;C:\Users\mende\anaconda3\Scripts;C:\Users\mende\AppData\Local\Programs\Python\Python310\Scripts\;C:\Users\mende\AppData\Local\Programs\Python\Python310\;C:\Users\mende\AppData\Local\Microsoft\WindowsApps;C:\Users\mende\AppData\Local\Programs\Python\Python310;C:\Program Files (x86)\Nmap;C:\Program Files\JetBrains\PyCharm 2022.2.1\bin;H:\Devops_Lab\apache-maven-3.8.6\bin;H:\Devops_Lab\sonarqube-9.5.0.56709\bin;H:\Devops_Lab\Archives\artifactory-oss-7.41.12\app\bin;C:\Program Files\Java\jdk-11.0.16\bin;H:\Devops_Lab\apache-tomcat-9.0.65\bin;;."/>
    <property name="jdk.debug" value="release"/>
    <property name="java.class.version" value="55.0"/>
    <property name="java.specification.name" value="Java Platform API Specification"/>
    <property name="sun.management.compiler" value="HotSpot 64-Bit Tiered Compilers"/>
    <property name="os.version" value="10.0"/>
    <property name="user.home" value="C:\Users\mende"/>
    <property name="user.timezone" value="Asia/Calcutta"/>
    <property name="java.awt.printerjob" value="sun.awt.windows.WPrinterJob"/>
    <property name="file.encoding" value="Cp1252"/>
    <property name="java.specification.version" value="11"/>
    <property name="user.name" value="mende"/>
    <property name="java.class.path" value="C:\Users\mende\.p2\pool\plugins\org.eclipse.m2e.maven.runtime_1.18.3.20220227-1319\jars\plexus-classworlds-2.6.0.jar"/>
    <property name="java.vm.specification.version" value="11"/>
    <property name="sun.arch.data.model" value="64"/>
    <property name="sun.java.command" value="org.codehaus.plexus.classworlds.launcher.Launcher -B clean compile test jacoco:report sonar:sonar"/>
    <property name="java.home" value="C:\Program Files\Java\jdk-11.0.16"/>
    <property name="user.language" value="en"/>
    <property name="java.specification.vendor" value="Oracle Corporation"/>
    <property name="awt.toolkit" value="sun.awt.windows.WToolkit"/>
    <property name="java.vm.info" value="mixed mode"/>
    <property name="java.version" value="11.0.16"/>
    <property name="java.vendor" value="Oracle Corporation"/>
    <property name="maven.home" value="C:\Users\mende\git\New_Project\EMBEDDED"/>
    <property name="file.separator" value="\"/>
    <property name="java.version.date" value="2022-07-19"/>
    <property name="java.vendor.url.bug" value="https://bugreport.java.com/bugreport/"/>
    <property name="sun.io.unicode.encoding" value="UnicodeLittle"/>
    <property name="sun.cpu.endian" value="little"/>
    <property name="java.vendor.version" value="18.9"/>
    <property name="sun.desktop" value="windows"/>
    <property name="sun.cpu.isalist" value="amd64"/>
  </properties>
  <testcase classname="ut.CalculatorTest" name="testAdd" time="0.003"/>
  <testcase classname="ut.CalculatorTest" name="testDiv" time="0"/>
  <testcase classname="ut.CalculatorTest" name="testMul" time="0"/>
  <testcase classname="ut.CalculatorTest" name="testSub" time="0"/>
</testsuite>